<?xml version="1.0" encoding="UTF-8"?>
<!-- Generated by org.testng.reporters.JUnitReportReporter -->
<testsuite hostname="DESKTOP-BA8IRSF" failures="0" tests="1" name="sunaySheshgir.ErrorValidations" time="17.693" errors="0" timestamp="2023-01-29T23:07:46 IST" skipped="0">
  <testcase classname="sunaySheshgir.ErrorValidations" name="productErrorValidation" time="17.693"/>
  <system-out/>
</testsuite> <!-- sunaySheshgir.ErrorValidations -->
