<?xml version="1.0" encoding="UTF-8"?>
<!-- Generated by org.testng.reporters.JUnitReportReporter -->
<testsuite hostname="DESKTOP-BA8IRSF" failures="0" tests="1" name="sunaySheshgir.ErrorValidationsTest" time="5.240" errors="0" timestamp="2023-02-08T09:44:52 IST" skipped="0">
  <testcase classname="sunaySheshgir.ErrorValidationsTest" name="productErrorValidation" time="5.240"/>
  <system-out/>
</testsuite> <!-- sunaySheshgir.ErrorValidationsTest -->
