<?xml version="1.0" encoding="UTF-8"?>
<!-- Generated by org.testng.reporters.JUnitReportReporter -->
<testsuite hostname="DESKTOP-BA8IRSF" failures="0" tests="1" name="cucumber.TestNGTestRunner" time="18.487" errors="0" timestamp="2023-02-04T18:14:57 IST" skipped="0">
  <testcase classname="cucumber.TestNGTestRunner" name="runScenario" time="18.487"/>
  <system-out/>
</testsuite> <!-- cucumber.TestNGTestRunner -->
