<?xml version="1.0" encoding="UTF-8"?>
<!-- Generated by org.testng.reporters.JUnitReportReporter -->
<testsuite hostname="DESKTOP-BA8IRSF" failures="0" tests="3" name="sunaySheshgir.dummystandAloneTest" time="33.577" errors="0" timestamp="2023-02-16T01:20:21 IST" skipped="0">
  <testcase classname="sunaySheshgir.dummystandAloneTest" name="submitOrderTest" time="5.194"/>
  <system-out/>
  <testcase classname="sunaySheshgir.dummystandAloneTest" name="submitOrderTest" time="22.571"/>
  <system-out/>
  <testcase classname="sunaySheshgir.dummystandAloneTest" name="orderHistoryTest" time="5.812"/>
  <system-out/>
</testsuite> <!-- sunaySheshgir.dummystandAloneTest -->
