<?xml version="1.0" encoding="UTF-8"?>
<!-- Generated by org.testng.reporters.JUnitReportReporter -->
<testsuite hostname="DESKTOP-BA8IRSF" failures="0" tests="2" name="sunaySheshgir.ErrorValidationsTest" time="23.781" errors="0" timestamp="2023-02-16T01:20:21 IST" skipped="0">
  <testcase classname="sunaySheshgir.ErrorValidationsTest" name="productErrorValidation" time="18.057"/>
  <system-out/>
  <testcase classname="sunaySheshgir.ErrorValidationsTest" name="loginErrorValidation" time="5.724"/>
  <system-out/>
</testsuite> <!-- sunaySheshgir.ErrorValidationsTest -->
